<?xml version="1.0" encoding="UTF-8"?>
<!-- Generated by org.testng.reporters.JUnitReportReporter -->
<testsuite skipped="0" hostname="DESKTOP-46JVR6E" name="demo.secondtestng" tests="3" failures="0" timestamp="2020-05-31T21:20:33 IST" time="0.006" errors="0">
  <testcase name="testcas2" time="0.001" classname="demo.secondtestng"/>
  <testcase name="testcas1" time="0.003" classname="demo.secondtestng"/>
  <testcase name="testcas3" time="0.002" classname="demo.secondtestng"/>
</testsuite> <!-- demo.secondtestng -->
