<?xml version="1.0" encoding="UTF-8"?>
<!-- Generated by org.testng.reporters.JUnitReportReporter -->
<testsuite skipped="0" hostname="DESKTOP-46JVR6E" name="demo.log" tests="1" failures="0" timestamp="2020-05-29T17:23:28 IST" time="0.050" errors="0">
  <testcase name="function" time="0.050" classname="demo.log"/>
</testsuite> <!-- demo.log -->
