<?xml version="1.0" encoding="UTF-8"?>
<!-- Generated by org.testng.reporters.JUnitReportReporter -->
<testsuite skipped="0" hostname="DESKTOP-46JVR6E" name="git.demo.start.test.firsttestng" tests="3" failures="0" timestamp="02 Jun 2020 00:09:08 GMT" time="0.012" errors="0">
  <testcase name="testcas3" time="0.004" classname="git.demo.start.test.firsttestng"/>
  <testcase name="testcas1" time="0.004" classname="git.demo.start.test.firsttestng"/>
  <testcase name="testcas2" time="0.004" classname="git.demo.start.test.firsttestng"/>
</testsuite> <!-- git.demo.start.test.firsttestng -->
